<?xml version="1.0" encoding="UTF-8"?>
<!-- Generated by org.testng.reporters.JUnitReportReporter -->
<testsuite skipped="0" hostname="Elnuras-MacBook-Air.local" name="com.elnurainc.RestAPITest_" tests="2" failures="0" timestamp="2019-09-07T14:07:32 CDT" time="0.004" errors="0">
  <testcase name="deleteTwitter" time="0.002" classname="com.elnurainc.RestAPITest_"/>
  <testcase name="postJira" time="0.002" classname="com.elnurainc.RestAPITest_"/>
</testsuite> <!-- com.elnurainc.RestAPITest_ -->
