<?xml version="1.0" encoding="UTF-8"?>
<!-- Generated by org.testng.reporters.JUnitReportReporter -->
<testsuite skipped="0" hostname="Elnuras-MacBook-Air.local" name="com.elnurainc.AppiumTest" tests="2" failures="0" timestamp="2019-09-07T14:19:11 CDT" time="0.010" errors="0">
  <testcase name="nativeAppAndroid" time="0.008" classname="com.elnurainc.AppiumTest"/>
  <testcase name="IOSApp" time="0.002" classname="com.elnurainc.AppiumTest"/>
</testsuite> <!-- com.elnurainc.AppiumTest -->
