<?xml version="1.0" encoding="UTF-8"?>
<!-- Generated by org.testng.reporters.JUnitReportReporter -->
<testsuite skipped="0" hostname="Elnuras-MacBook-Air.local" name="com.elnurainc.SeleniumTest" tests="2" failures="0" timestamp="2019-09-07T14:39:44 CDT" time="0.011" errors="0">
  <testcase name="webAutomation" time="0.001" classname="com.elnurainc.SeleniumTest"/>
  <testcase name="elementsUI" time="0.010" classname="com.elnurainc.SeleniumTest"/>
</testsuite> <!-- com.elnurainc.SeleniumTest -->
