<?xml version="1.0" encoding="UTF-8"?>
<!-- Generated by org.testng.reporters.JUnitReportReporter -->
<testsuite skipped="0" hostname="Elnuras-MacBook-Air.local" name="com.elnurainc.RestAPITest" tests="2" failures="0" timestamp="2019-09-07T14:39:44 CDT" time="0.001" errors="0">
  <testcase name="deleteTwitter" time="0.000" classname="com.elnurainc.RestAPITest"/>
  <testcase name="postJira" time="0.001" classname="com.elnurainc.RestAPITest"/>
</testsuite> <!-- com.elnurainc.RestAPITest -->
